# JRE version: OpenJDK Runtime Environment (11.0.10) (build 11.0.10+0-b96-7249189)
# Java VM: OpenJDK 64-Bit Server VM (11.0.10+0-b96-7249189, mixed mode, tiered, compressed oops, g1 gc, windows-amd64)
Heap:
 garbage-first heap   total 264192K, used 207411K [0x0000000080000000, 0x0000000100000000)
  region size 1024K, 71 young (72704K), 10 survivors (10240K)
 Metaspace       used 115917K, capacity 118733K, committed 119500K, reserved 1153024K
  class space    used 14170K, capacity 15202K, committed 15360K, reserved 1048576K
GC Heap History (20 events):
Event: 2592.447 GC heap before
{Heap before GC invocations=28 (full 0):
 garbage-first heap   total 264192K, used 207977K [0x0000000080000000, 0x0000000100000000)
  region size 1024K, 55 young (56320K), 5 survivors (5120K)
 Metaspace       used 108410K, capacity 110997K, committed 112076K, reserved 1146880K
  class space    used 13316K, capacity 14318K, committed 14592K, reserved 1048576K
}
Event: 2592.458 GC heap after
{Heap after GC invocations=29 (full 0):
 garbage-first heap   total 264192K, used 142183K [0x0000000080000000, 0x0000000100000000)
  region size 1024K, 7 young (7168K), 7 survivors (7168K)
 Metaspace       used 108410K, capacity 110997K, committed 112076K, reserved 1146880K
  class space    used 13316K, capacity 14318K, committed 14592K, reserved 1048576K
}
Event: 2592.571 GC heap before
{Heap before GC invocations=29 (full 0):
 garbage-first heap   total 264192K, used 147303K [0x0000000080000000, 0x0000000100000000)
  region size 1024K, 12 young (12288K), 7 survivors (7168K)
 Metaspace       used 108459K, capacity 111061K, committed 112076K, reserved 1146880K
  class space    used 13316K, capacity 14318K, committed 14592K, reserved 1048576K
}
Event: 2592.596 GC heap after
{Heap after GC invocations=30 (full 0):
 garbage-first heap   total 264192K, used 141820K [0x0000000080000000, 0x0000000100000000)
  region size 1024K, 2 young (2048K), 2 survivors (2048K)
 Metaspace       used 108459K, capacity 111061K, committed 112076K, reserved 1146880K
  class space    used 13316K, capacity 14318K, committed 14592K, reserved 1048576K
}
Event: 2593.368 GC heap before
{Heap before GC invocations=30 (full 0):
 garbage-first heap   total 264192K, used 197116K [0x0000000080000000, 0x0000000100000000)
  region size 1024K, 57 young (58368K), 2 survivors (2048K)
 Metaspace       used 109021K, capacity 111573K, committed 112588K, reserved 1146880K
  class space    used 13343K, capacity 14318K, committed 14592K, reserved 1048576K
}
Event: 2593.376 GC heap after
{Heap after GC invocations=31 (full 0):
 garbage-first heap   total 264192K, used 144617K [0x0000000080000000, 0x0000000100000000)
  region size 1024K, 5 young (5120K), 5 survivors (5120K)
 Metaspace       used 109021K, capacity 111573K, committed 112588K, reserved 1146880K
  class space    used 13343K, capacity 14318K, committed 14592K, reserved 1048576K
}
Event: 2596.989 GC heap before
{Heap before GC invocations=32 (full 0):
 garbage-first heap   total 264192K, used 188649K [0x0000000080000000, 0x0000000100000000)
  region size 1024K, 62 young (63488K), 5 survivors (5120K)
 Metaspace       used 110616K, capacity 113095K, committed 114252K, reserved 1148928K
  class space    used 13505K, capacity 14460K, committed 14720K, reserved 1048576K
}
Event: 2597.005 GC heap after
{Heap after GC invocations=33 (full 0):
 garbage-first heap   total 264192K, used 130015K [0x0000000080000000, 0x0000000100000000)
  region size 1024K, 3 young (3072K), 3 survivors (3072K)
 Metaspace       used 110616K, capacity 113095K, committed 114252K, reserved 1148928K
  class space    used 13505K, capacity 14460K, committed 14720K, reserved 1048576K
}
Event: 2597.361 GC heap before
{Heap before GC invocations=33 (full 0):
 garbage-first heap   total 264192K, used 138207K [0x0000000080000000, 0x0000000100000000)
  region size 1024K, 12 young (12288K), 3 survivors (3072K)
 Metaspace       used 111168K, capacity 113703K, committed 114892K, reserved 1148928K
  class space    used 13586K, capacity 14556K, committed 14848K, reserved 1048576K
}
Event: 2597.389 GC heap after
{Heap after GC invocations=34 (full 0):
 garbage-first heap   total 264192K, used 115563K [0x0000000080000000, 0x0000000100000000)
  region size 1024K, 2 young (2048K), 2 survivors (2048K)
 Metaspace       used 111168K, capacity 113703K, committed 114892K, reserved 1148928K
  class space    used 13586K, capacity 14556K, committed 14848K, reserved 1048576K
}
Event: 2602.579 GC heap before
{Heap before GC invocations=34 (full 0):
 garbage-first heap   total 264192K, used 196459K [0x0000000080000000, 0x0000000100000000)
  region size 1024K, 82 young (83968K), 2 survivors (2048K)
 Metaspace       used 113890K, capacity 116549K, committed 117580K, reserved 1150976K
  class space    used 13909K, capacity 14898K, committed 15232K, reserved 1048576K
}
Event: 2602.593 GC heap after
{Heap after GC invocations=35 (full 0):
 garbage-first heap   total 264192K, used 119863K [0x0000000080000000, 0x0000000100000000)
  region size 1024K, 6 young (6144K), 6 survivors (6144K)
 Metaspace       used 113890K, capacity 116549K, committed 117580K, reserved 1150976K
  class space    used 13909K, capacity 14898K, committed 15232K, reserved 1048576K
}
Event: 2604.177 GC heap before
{Heap before GC invocations=35 (full 0):
 garbage-first heap   total 264192K, used 143415K [0x0000000080000000, 0x0000000100000000)
  region size 1024K, 30 young (30720K), 6 survivors (6144K)
 Metaspace       used 114104K, capacity 116658K, committed 117580K, reserved 1150976K
  class space    used 13936K, capacity 14911K, committed 15232K, reserved 1048576K
}
Event: 2604.201 GC heap after
{Heap after GC invocations=36 (full 0):
 garbage-first heap   total 264192K, used 120412K [0x0000000080000000, 0x0000000100000000)
  region size 1024K, 6 young (6144K), 6 survivors (6144K)
 Metaspace       used 114104K, capacity 116658K, committed 117580K, reserved 1150976K
  class space    used 13936K, capacity 14911K, committed 15232K, reserved 1048576K
}
Event: 2619.903 GC heap before
{Heap before GC invocations=37 (full 0):
 garbage-first heap   total 264192K, used 217692K [0x0000000080000000, 0x0000000100000000)
  region size 1024K, 88 young (90112K), 6 survivors (6144K)
 Metaspace       used 114468K, capacity 117194K, committed 118092K, reserved 1153024K
  class space    used 13982K, capacity 14960K, committed 15232K, reserved 1048576K
}
Event: 2619.925 GC heap after
{Heap after GC invocations=38 (full 0):
 garbage-first heap   total 264192K, used 133508K [0x0000000080000000, 0x0000000100000000)
  region size 1024K, 11 young (11264K), 11 survivors (11264K)
 Metaspace       used 114468K, capacity 117194K, committed 118092K, reserved 1153024K
  class space    used 13982K, capacity 14960K, committed 15232K, reserved 1048576K
}
Event: 2619.937 GC heap before
{Heap before GC invocations=38 (full 0):
 garbage-first heap   total 264192K, used 134532K [0x0000000080000000, 0x0000000100000000)
  region size 1024K, 12 young (12288K), 11 survivors (11264K)
 Metaspace       used 114471K, capacity 117194K, committed 118092K, reserved 1153024K
  class space    used 13982K, capacity 14960K, committed 15232K, reserved 1048576K
}
Event: 2619.969 GC heap after
{Heap after GC invocations=39 (full 0):
 garbage-first heap   total 264192K, used 126917K [0x0000000080000000, 0x0000000100000000)
  region size 1024K, 2 young (2048K), 2 survivors (2048K)
 Metaspace       used 114471K, capacity 117194K, committed 118092K, reserved 1153024K
  class space    used 13982K, capacity 14960K, committed 15232K, reserved 1048576K
}
Event: 2622.791 GC heap before
{Heap before GC invocations=39 (full 0):
 garbage-first heap   total 264192K, used 203717K [0x0000000080000000, 0x0000000100000000)
  region size 1024K, 78 young (79872K), 2 survivors (2048K)
 Metaspace       used 114911K, capacity 117700K, committed 118348K, reserved 1153024K
  class space    used 14051K, capacity 15072K, committed 15232K, reserved 1048576K
}
Event: 2622.804 GC heap after
{Heap after GC invocations=40 (full 0):
 garbage-first heap   total 264192K, used 144947K [0x0000000080000000, 0x0000000100000000)
  region size 1024K, 10 young (10240K), 10 survivors (10240K)
 Metaspace       used 114911K, capacity 117700K, committed 118348K, reserved 1153024K
  class space    used 14051K, capacity 15072K, committed 15232K, reserved 1048576K
}

